<html>
<head>
<title>TestNG:  Test</title>
<link href="../testng.css" rel="stylesheet" type="text/css" />
<link href="../my-testng.css" rel="stylesheet" type="text/css" />

<style type="text/css">
.log { display: none;} 
.stack-trace { display: none;} 
</style>
<script type="text/javascript">
<!--
function flip(e) {
  current = e.style.display;
  if (current == 'block') {
    e.style.display = 'none';
    return 0;
  }
  else {
    e.style.display = 'block';
    return 1;
  }
}

function toggleBox(szDivId, elem, msg1, msg2)
{
  var res = -1;  if (document.getElementById) {
    res = flip(document.getElementById(szDivId));
  }
  else if (document.all) {
    // this is the way old msie versions work
    res = flip(document.all[szDivId]);
  }
  if(elem) {
    if(res == 0) elem.innerHTML = msg1; else elem.innerHTML = msg2;
  }

}

function toggleAllBoxes() {
  if (document.getElementsByTagName) {
    d = document.getElementsByTagName('div');
    for (i = 0; i < d.length; i++) {
      if (d[i].className == 'log') {
        flip(d[i]);
      }
    }
  }
}

// -->
</script>

</head>
<body>
<h2 align='center'>Test</h2><table border='1' align="center">
<tr>
<td>Tests passed/Failed/Skipped:</td><td>7/1/0</td>
</tr><tr>
<td>Started on:</td><td>Sun Mar 14 20:57:56 EDT 2021</td>
</tr>
<tr><td>Total time:</td><td>33 seconds (33984 ms)</td>
</tr><tr>
<td>Included groups:</td><td></td>
</tr><tr>
<td>Excluded groups:</td><td></td>
</tr>
</table><p/>
<small><i>(Hover the method name to see the test class name)</i></small><p/>
<table width='100%' border='1' class='invocation-failed'>
<tr><td colspan='4' align='center'><b>FAILED TESTS</b></td></tr>
<tr><td><b>Test method</b></td>
<td width="30%"><b>Exception</b></td>
<td width="10%"><b>Time (seconds)</b></td>
<td><b>Instance</b></td>
</tr>
<tr>
<td title='testCases.InterestCalculatorTest.InterestCalculatorTest()'><b>InterestCalculatorTest</b><br>Test class: testCases.InterestCalculatorTest<br>Parameters: 20000, 3500, 350, beginning, 2.75, semimonthly, 9, 21, 3, 45688</td>
<td><div><pre>java.lang.AssertionError: Captured Amount DOESNOT MATCH with Expected Amount. expected [101270.72] but found [45688.0]
	at base.TestBase.formatStrings(TestBase.java:373)
	at testCases.InterestCalculatorTest.InterestCalculatorTest(InterestCalculatorTest.java:48)
	at java.base/java.util.ArrayList.forEach(ArrayList.java:1511)
... Removed 30 stack frames</pre></div><a href='#' onClick='toggleBox("stack-trace1970518510", this, "Click to show all stack frames", "Click to hide stack frames")'>Click to show all stack frames</a>
<div class='stack-trace' id='stack-trace1970518510'><pre>java.lang.AssertionError: Captured Amount DOESNOT MATCH with Expected Amount. expected [101270.72] but found [45688.0]
	at org.testng.Assert.fail(Assert.java:99)
	at org.testng.Assert.failNotSame(Assert.java:1033)
	at org.testng.Assert.assertSame(Assert.java:981)
	at base.TestBase.formatStrings(TestBase.java:373)
	at testCases.InterestCalculatorTest.InterestCalculatorTest(InterestCalculatorTest.java:48)
	at java.base/jdk.internal.reflect.NativeMethodAccessorImpl.invoke0(Native Method)
	at java.base/jdk.internal.reflect.NativeMethodAccessorImpl.invoke(NativeMethodAccessorImpl.java:64)
	at java.base/jdk.internal.reflect.DelegatingMethodAccessorImpl.invoke(DelegatingMethodAccessorImpl.java:43)
	at java.base/java.lang.reflect.Method.invoke(Method.java:564)
	at org.testng.internal.MethodInvocationHelper.invokeMethod(MethodInvocationHelper.java:132)
	at org.testng.internal.TestInvoker.invokeMethod(TestInvoker.java:599)
	at org.testng.internal.TestInvoker.invokeTestMethod(TestInvoker.java:174)
	at org.testng.internal.MethodRunner.runInSequence(MethodRunner.java:46)
	at org.testng.internal.TestInvoker$MethodInvocationAgent.invoke(TestInvoker.java:822)
	at org.testng.internal.TestInvoker.invokeTestMethods(TestInvoker.java:147)
	at org.testng.internal.TestMethodWorker.invokeTestMethods(TestMethodWorker.java:146)
	at org.testng.internal.TestMethodWorker.run(TestMethodWorker.java:128)
	at java.base/java.util.ArrayList.forEach(ArrayList.java:1511)
	at org.testng.TestRunner.privateRun(TestRunner.java:764)
	at org.testng.TestRunner.run(TestRunner.java:585)
	at org.testng.SuiteRunner.runTest(SuiteRunner.java:384)
	at org.testng.SuiteRunner.runSequentially(SuiteRunner.java:378)
	at org.testng.SuiteRunner.privateRun(SuiteRunner.java:337)
	at org.testng.SuiteRunner.run(SuiteRunner.java:286)
	at org.testng.SuiteRunnerWorker.runSuite(SuiteRunnerWorker.java:53)
	at org.testng.SuiteRunnerWorker.run(SuiteRunnerWorker.java:96)
	at org.testng.TestNG.runSuitesSequentially(TestNG.java:1218)
	at org.testng.TestNG.runSuitesLocally(TestNG.java:1140)
	at org.testng.TestNG.runSuites(TestNG.java:1069)
	at org.testng.TestNG.run(TestNG.java:1037)
	at org.testng.remote.AbstractRemoteTestNG.run(AbstractRemoteTestNG.java:115)
	at org.testng.remote.RemoteTestNG.initAndRun(RemoteTestNG.java:251)
	at org.testng.remote.RemoteTestNG.main(RemoteTestNG.java:77)
</pre></div></td>
<td>4</td>
<td>testCases.InterestCalculatorTest@436bc36</td></tr>
</table><p>
<table width='100%' border='1' class='invocation-passed'>
<tr><td colspan='4' align='center'><b>PASSED TESTS</b></td></tr>
<tr><td><b>Test method</b></td>
<td width="30%"><b>Exception</b></td>
<td width="10%"><b>Time (seconds)</b></td>
<td><b>Instance</b></td>
</tr>
<tr>
<td title='testCases.InterestCalculatorTest.InterestCalculatorTest()'><b>InterestCalculatorTest</b><br>Test class: testCases.InterestCalculatorTest<br>Parameters: 5000, 500, 50, end, 1.25, daily, 3, 15, 2.25, 8506.22</td>
<td></td>
<td>4</td>
<td>testCases.InterestCalculatorTest@436bc36</td></tr>
<tr>
<td title='testCases.InterestCalculatorTest.InterestCalculatorTest()'><b>InterestCalculatorTest</b><br>Test class: testCases.InterestCalculatorTest<br>Parameters: 10000, 1500, 150, beginning, 1.75, weekly, 5, 17, 2.5, 27929.42</td>
<td></td>
<td>4</td>
<td>testCases.InterestCalculatorTest@436bc36</td></tr>
<tr>
<td title='testCases.InterestCalculatorTest.InterestCalculatorTest()'><b>InterestCalculatorTest</b><br>Test class: testCases.InterestCalculatorTest<br>Parameters: 15000, 2500, 250, end, 2.25, biweekly, 7, 19, 2.75, 57916.96</td>
<td></td>
<td>3</td>
<td>testCases.InterestCalculatorTest@436bc36</td></tr>
<tr>
<td title='testCases.InterestCalculatorTest.InterestCalculatorTest()'><b>InterestCalculatorTest</b><br>Test class: testCases.InterestCalculatorTest<br>Parameters: 25000, 4500, 450, end, 3.25, monthly, 11, 23, 3.25, 157477.89</td>
<td></td>
<td>3</td>
<td>testCases.InterestCalculatorTest@436bc36</td></tr>
<tr>
<td title='testCases.InterestCalculatorTest.InterestCalculatorTest()'><b>InterestCalculatorTest</b><br>Test class: testCases.InterestCalculatorTest<br>Parameters: 30000, 5500, 550, beginning, 3.75, quarterly, 13, 25, 3.5, 234258.26</td>
<td></td>
<td>3</td>
<td>testCases.InterestCalculatorTest@436bc36</td></tr>
<tr>
<td title='testCases.InterestCalculatorTest.InterestCalculatorTest()'><b>InterestCalculatorTest</b><br>Test class: testCases.InterestCalculatorTest<br>Parameters: 35000, 6500, 650, end, 4.25, semiannually, 15, 27, 3.75, 325861.43</td>
<td></td>
<td>3</td>
<td>testCases.InterestCalculatorTest@436bc36</td></tr>
<tr>
<td title='testCases.InterestCalculatorTest.InterestCalculatorTest()'><b>InterestCalculatorTest</b><br>Test class: testCases.InterestCalculatorTest<br>Parameters: 40000, 7500, 750, beginning, 4.75, annually, 17, 29, 4, 449269.61</td>
<td></td>
<td>3</td>
<td>testCases.InterestCalculatorTest@436bc36</td></tr>
</table><p>
</body>
</html>